[2022-05-29 13:41:37] local.ERROR: View [guest.welcome] not found. {"exception":"[object] (InvalidArgumentException(code: 0): View [guest.welcome] not found. at D:\\VisualStudio\\boolean\\6_es-laravel\\laravel-api\\vendor\\laravel\\framework\\src\\Illuminate\\View\\FileViewFinder.php:137)
[stacktrace]
#0 D:\\VisualStudio\\boolean\\6_es-laravel\\laravel-api\\vendor\\laravel\\framework\\src\\Illuminate\\View\\FileViewFinder.php(79): Illuminate\\View\\FileViewFinder->findInPaths()
#1 D:\\VisualStudio\\boolean\\6_es-laravel\\laravel-api\\vendor\\laravel\\framework\\src\\Illuminate\\View\\Factory.php(138): Illuminate\\View\\FileViewFinder->find()
#2 D:\\VisualStudio\\boolean\\6_es-laravel\\laravel-api\\vendor\\laravel\\framework\\src\\Illuminate\\Foundation\\helpers.php(961): Illuminate\\View\\Factory->make()
#3 D:\\VisualStudio\\boolean\\6_es-laravel\\laravel-api\outes\\web.php(29): view()
#4 D:\\VisualStudio\\boolean\\6_es-laravel\\laravel-api\\vendor\\laravel\\framework\\src\\Illuminate\\Routing\\Route.php(225): Illuminate\\Routing\\RouteFileRegistrar->{closure}()
#5 D:\\VisualStudio\\boolean\\6_es-laravel\\laravel-api\\vendor\\laravel\\framework\\src\\Illuminate\\Routing\\Route.php(199): Illuminate\\Routing\\Route->runCallable()
#6 D:\\VisualStudio\\boolean\\6_es-laravel\\laravel-api\\vendor\\laravel\\framework\\src\\Illuminate\\Routing\\Router.php(685): Illuminate\\Routing\\Route->run()
#7 D:\\VisualStudio\\boolean\\6_es-laravel\\laravel-api\\vendor\\laravel\\framework\\src\\Illuminate\\Pipeline\\Pipeline.php(128): Illuminate\\Routing\\Router->Illuminate\\Routing\\{closure}()
#8 D:\\VisualStudio\\boolean\\6_es-laravel\\laravel-api\\vendor\\laravel\\framework\\src\\Illuminate\\Routing\\Middleware\\SubstituteBindings.php(41): Illuminate\\Pipeline\\Pipeline->Illuminate\\Pipeline\\{closure}()
#9 D:\\VisualStudio\\boolean\\6_es-laravel\\laravel-api\\vendor\\laravel\\framework\\src\\Illuminate\\Pipeline\\Pipeline.php(167): Illuminate\\Routing\\Middleware\\SubstituteBindings->handle()
#10 D:\\VisualStudio\\boolean\\6_es-laravel\\laravel-api\\vendor\\laravel\\framework\\src\\Illuminate\\Foundation\\Http\\Middleware\\VerifyCsrfToken.php(77): Illuminate\\Pipeline\\Pipeline->Illuminate\\Pipeline\\{closure}()
#11 D:\\VisualStudio\\boolean\\6_es-laravel\\laravel-api\\vendor\\laravel\\framework\\src\\Illuminate\\Pipeline\\Pipeline.php(167): Illuminate\\Foundation\\Http\\Middleware\\VerifyCsrfToken->handle()
#12 D:\\VisualStudio\\boolean\\6_es-laravel\\laravel-api\\vendor\\laravel\\framework\\src\\Illuminate\\View\\Middleware\\ShareErrorsFromSession.php(49): Illuminate\\Pipeline\\Pipeline->Illuminate\\Pipeline\\{closure}()
#13 D:\\VisualStudio\\boolean\\6_es-laravel\\laravel-api\\vendor\\laravel\\framework\\src\\Illuminate\\Pipeline\\Pipeline.php(167): Illuminate\\View\\Middleware\\ShareErrorsFromSession->handle()
#14 D:\\VisualStudio\\boolean\\6_es-laravel\\laravel-api\\vendor\\laravel\\framework\\src\\Illuminate\\Session\\Middleware\\StartSession.php(116): Illuminate\\Pipeline\\Pipeline->Illuminate\\Pipeline\\{closure}()
#15 D:\\VisualStudio\\boolean\\6_es-laravel\\laravel-api\\vendor\\laravel\\framework\\src\\Illuminate\\Session\\Middleware\\StartSession.php(62): Illuminate\\Session\\Middleware\\StartSession->handleStatefulRequest()
#16 D:\\VisualStudio\\boolean\\6_es-laravel\\laravel-api\\vendor\\laravel\\framework\\src\\Illuminate\\Pipeline\\Pipeline.php(167): Illuminate\\Session\\Middleware\\StartSession->handle()
#17 D:\\VisualStudio\\boolean\\6_es-laravel\\laravel-api\\vendor\\laravel\\framework\\src\\Illuminate\\Cookie\\Middleware\\AddQueuedCookiesToResponse.php(37): Illuminate\\Pipeline\\Pipeline->Illuminate\\Pipeline\\{closure}()
#18 D:\\VisualStudio\\boolean\\6_es-laravel\\laravel-api\\vendor\\laravel\\framework\\src\\Illuminate\\Pipeline\\Pipeline.php(167): Illuminate\\Cookie\\Middleware\\AddQueuedCookiesToResponse->handle()
#19 D:\\VisualStudio\\boolean\\6_es-laravel\\laravel-api\\vendor\\laravel\\framework\\src\\Illuminate\\Cookie\\Middleware\\EncryptCookies.php(67): Illuminate\\Pipeline\\Pipeline->Illuminate\\Pipeline\\{closure}()
#20 D:\\VisualStudio\\boolean\\6_es-laravel\\laravel-api\\vendor\\laravel\\framework\\src\\Illuminate\\Pipeline\\Pipeline.php(167): Illuminate\\Cookie\\Middleware\\EncryptCookies->handle()
#21 D:\\VisualStudio\\boolean\\6_es-laravel\\laravel-api\\vendor\\laravel\\framework\\src\\Illuminate\\Pipeline\\Pipeline.php(103): Illuminate\\Pipeline\\Pipeline->Illuminate\\Pipeline\\{closure}()
#22 D:\\VisualStudio\\boolean\\6_es-laravel\\laravel-api\\vendor\\laravel\\framework\\src\\Illuminate\\Routing\\Router.php(687): Illuminate\\Pipeline\\Pipeline->then()
#23 D:\\VisualStudio\\boolean\\6_es-laravel\\laravel-api\\vendor\\laravel\\framework\\src\\Illuminate\\Routing\\Router.php(662): Illuminate\\Routing\\Router->runRouteWithinStack()
#24 D:\\VisualStudio\\boolean\\6_es-laravel\\laravel-api\\vendor\\laravel\\framework\\src\\Illuminate\\Routing\\Router.php(628): Illuminate\\Routing\\Router->runRoute()
#25 D:\\VisualStudio\\boolean\\6_es-laravel\\laravel-api\\vendor\\laravel\\framework\\src\\Illuminate\\Routing\\Router.php(617): Illuminate\\Routing\\Router->dispatchToRoute()
#26 D:\\VisualStudio\\boolean\\6_es-laravel\\laravel-api\\vendor\\laravel\\framework\\src\\Illuminate\\Foundation\\Http\\Kernel.php(165): Illuminate\\Routing\\Router->dispatch()
#27 D:\\VisualStudio\\boolean\\6_es-laravel\\laravel-api\\vendor\\laravel\\framework\\src\\Illuminate\\Pipeline\\Pipeline.php(128): Illuminate\\Foundation\\Http\\Kernel->Illuminate\\Foundation\\Http\\{closure}()
#28 D:\\VisualStudio\\boolean\\6_es-laravel\\laravel-api\\vendor\\laravel\\framework\\src\\Illuminate\\Foundation\\Http\\Middleware\\TransformsRequest.php(21): Illuminate\\Pipeline\\Pipeline->Illuminate\\Pipeline\\{closure}()
#29 D:\\VisualStudio\\boolean\\6_es-laravel\\laravel-api\\vendor\\laravel\\framework\\src\\Illuminate\\Pipeline\\Pipeline.php(167): Illuminate\\Foundation\\Http\\Middleware\\TransformsRequest->handle()
#30 D:\\VisualStudio\\boolean\\6_es-laravel\\laravel-api\\vendor\\laravel\\framework\\src\\Illuminate\\Foundation\\Http\\Middleware\\TransformsRequest.php(21): Illuminate\\Pipeline\\Pipeline->Illuminate\\Pipeline\\{closure}()
#31 D:\\VisualStudio\\boolean\\6_es-laravel\\laravel-api\\vendor\\laravel\\framework\\src\\Illuminate\\Pipeline\\Pipeline.php(167): Illuminate\\Foundation\\Http\\Middleware\\TransformsRequest->handle()
#32 D:\\VisualStudio\\boolean\\6_es-laravel\\laravel-api\\vendor\\laravel\\framework\\src\\Illuminate\\Foundation\\Http\\Middleware\\ValidatePostSize.php(27): Illuminate\\Pipeline\\Pipeline->Illuminate\\Pipeline\\{closure}()
#33 D:\\VisualStudio\\boolean\\6_es-laravel\\laravel-api\\vendor\\laravel\\framework\\src\\Illuminate\\Pipeline\\Pipeline.php(167): Illuminate\\Foundation\\Http\\Middleware\\ValidatePostSize->handle()
#34 D:\\VisualStudio\\boolean\\6_es-laravel\\laravel-api\\vendor\\laravel\\framework\\src\\Illuminate\\Foundation\\Http\\Middleware\\CheckForMaintenanceMode.php(63): Illuminate\\Pipeline\\Pipeline->Illuminate\\Pipeline\\{closure}()
#35 D:\\VisualStudio\\boolean\\6_es-laravel\\laravel-api\\vendor\\laravel\\framework\\src\\Illuminate\\Pipeline\\Pipeline.php(167): Illuminate\\Foundation\\Http\\Middleware\\CheckForMaintenanceMode->handle()
#36 D:\\VisualStudio\\boolean\\6_es-laravel\\laravel-api\\vendor\\fruitcake\\laravel-cors\\src\\HandleCors.php(37): Illuminate\\Pipeline\\Pipeline->Illuminate\\Pipeline\\{closure}()
#37 D:\\VisualStudio\\boolean\\6_es-laravel\\laravel-api\\vendor\\laravel\\framework\\src\\Illuminate\\Pipeline\\Pipeline.php(167): Fruitcake\\Cors\\HandleCors->handle()
#38 D:\\VisualStudio\\boolean\\6_es-laravel\\laravel-api\\vendor\\fideloper\\proxy\\src\\TrustProxies.php(57): Illuminate\\Pipeline\\Pipeline->Illuminate\\Pipeline\\{closure}()
#39 D:\\VisualStudio\\boolean\\6_es-laravel\\laravel-api\\vendor\\laravel\\framework\\src\\Illuminate\\Pipeline\\Pipeline.php(167): Fideloper\\Proxy\\TrustProxies->handle()
#40 D:\\VisualStudio\\boolean\\6_es-laravel\\laravel-api\\vendor\\laravel\\framework\\src\\Illuminate\\Pipeline\\Pipeline.php(103): Illuminate\\Pipeline\\Pipeline->Illuminate\\Pipeline\\{closure}()
#41 D:\\VisualStudio\\boolean\\6_es-laravel\\laravel-api\\vendor\\laravel\\framework\\src\\Illuminate\\Foundation\\Http\\Kernel.php(140): Illuminate\\Pipeline\\Pipeline->then()
#42 D:\\VisualStudio\\boolean\\6_es-laravel\\laravel-api\\vendor\\laravel\\framework\\src\\Illuminate\\Foundation\\Http\\Kernel.php(109): Illuminate\\Foundation\\Http\\Kernel->sendRequestThroughRouter()
#43 D:\\VisualStudio\\boolean\\6_es-laravel\\laravel-api\\public\\index.php(55): Illuminate\\Foundation\\Http\\Kernel->handle()
#44 D:\\VisualStudio\\boolean\\6_es-laravel\\laravel-api\\server.php(21): require_once('D:\\\\VisualStudio...')
#45 {main}
"} 
[2022-05-29 13:41:37] local.ERROR: file_put_contents(D:\VisualStudio\boolean\6_es-laravel\laravel-many-to-many-2\storage\framework/sessions/PLNB3b9hKzhLUPDVojhK26jHoFDqi9IXp9RxCuCi): failed to open stream: No such file or directory {"exception":"[object] (ErrorException(code: 0): file_put_contents(D:\\VisualStudio\\boolean\\6_es-laravel\\laravel-many-to-many-2\\storage\\framework/sessions/PLNB3b9hKzhLUPDVojhK26jHoFDqi9IXp9RxCuCi): failed to open stream: No such file or directory at D:\\VisualStudio\\boolean\\6_es-laravel\\laravel-api\\vendor\\laravel\\framework\\src\\Illuminate\\Filesystem\\Filesystem.php:135)
[stacktrace]
#0 [internal function]: Illuminate\\Foundation\\Bootstrap\\HandleExceptions->handleError()
#1 D:\\VisualStudio\\boolean\\6_es-laravel\\laravel-api\\vendor\\laravel\\framework\\src\\Illuminate\\Filesystem\\Filesystem.php(135): file_put_contents()
#2 D:\\VisualStudio\\boolean\\6_es-laravel\\laravel-api\\vendor\\laravel\\framework\\src\\Illuminate\\Session\\FileSessionHandler.php(83): Illuminate\\Filesystem\\Filesystem->put()
#3 D:\\VisualStudio\\boolean\\6_es-laravel\\laravel-api\\vendor\\laravel\\framework\\src\\Illuminate\\Session\\Store.php(129): Illuminate\\Session\\FileSessionHandler->write()
#4 D:\\VisualStudio\\boolean\\6_es-laravel\\laravel-api\\vendor\\laravel\\framework\\src\\Illuminate\\Session\\Middleware\\StartSession.php(231): Illuminate\\Session\\Store->save()
#5 D:\\VisualStudio\\boolean\\6_es-laravel\\laravel-api\\vendor\\laravel\\framework\\src\\Illuminate\\Session\\Middleware\\StartSession.php(125): Illuminate\\Session\\Middleware\\StartSession->saveSession()
#6 D:\\VisualStudio\\boolean\\6_es-laravel\\laravel-api\\vendor\\laravel\\framework\\src\\Illuminate\\Session\\Middleware\\StartSession.php(62): Illuminate\\Session\\Middleware\\StartSession->handleStatefulRequest()
#7 D:\\VisualStudio\\boolean\\6_es-laravel\\laravel-api\\vendor\\laravel\\framework\\src\\Illuminate\\Pipeline\\Pipeline.php(167): Illuminate\\Session\\Middleware\\StartSession->handle()
#8 D:\\VisualStudio\\boolean\\6_es-laravel\\laravel-api\\vendor\\laravel\\framework\\src\\Illuminate\\Cookie\\Middleware\\AddQueuedCookiesToResponse.php(37): Illuminate\\Pipeline\\Pipeline->Illuminate\\Pipeline\\{closure}()
#9 D:\\VisualStudio\\boolean\\6_es-laravel\\laravel-api\\vendor\\laravel\\framework\\src\\Illuminate\\Pipeline\\Pipeline.php(167): Illuminate\\Cookie\\Middleware\\AddQueuedCookiesToResponse->handle()
#10 D:\\VisualStudio\\boolean\\6_es-laravel\\laravel-api\\vendor\\laravel\\framework\\src\\Illuminate\\Cookie\\Middleware\\EncryptCookies.php(67): Illuminate\\Pipeline\\Pipeline->Illuminate\\Pipeline\\{closure}()
#11 D:\\VisualStudio\\boolean\\6_es-laravel\\laravel-api\\vendor\\laravel\\framework\\src\\Illuminate\\Pipeline\\Pipeline.php(167): Illuminate\\Cookie\\Middleware\\EncryptCookies->handle()
#12 D:\\VisualStudio\\boolean\\6_es-laravel\\laravel-api\\vendor\\laravel\\framework\\src\\Illuminate\\Pipeline\\Pipeline.php(103): Illuminate\\Pipeline\\Pipeline->Illuminate\\Pipeline\\{closure}()
#13 D:\\VisualStudio\\boolean\\6_es-laravel\\laravel-api\\vendor\\laravel\\framework\\src\\Illuminate\\Routing\\Router.php(687): Illuminate\\Pipeline\\Pipeline->then()
#14 D:\\VisualStudio\\boolean\\6_es-laravel\\laravel-api\\vendor\\laravel\\framework\\src\\Illuminate\\Routing\\Router.php(662): Illuminate\\Routing\\Router->runRouteWithinStack()
#15 D:\\VisualStudio\\boolean\\6_es-laravel\\laravel-api\\vendor\\laravel\\framework\\src\\Illuminate\\Routing\\Router.php(628): Illuminate\\Routing\\Router->runRoute()
#16 D:\\VisualStudio\\boolean\\6_es-laravel\\laravel-api\\vendor\\laravel\\framework\\src\\Illuminate\\Routing\\Router.php(617): Illuminate\\Routing\\Router->dispatchToRoute()
#17 D:\\VisualStudio\\boolean\\6_es-laravel\\laravel-api\\vendor\\laravel\\framework\\src\\Illuminate\\Foundation\\Http\\Kernel.php(165): Illuminate\\Routing\\Router->dispatch()
#18 D:\\VisualStudio\\boolean\\6_es-laravel\\laravel-api\\vendor\\laravel\\framework\\src\\Illuminate\\Pipeline\\Pipeline.php(128): Illuminate\\Foundation\\Http\\Kernel->Illuminate\\Foundation\\Http\\{closure}()
#19 D:\\VisualStudio\\boolean\\6_es-laravel\\laravel-api\\vendor\\laravel\\framework\\src\\Illuminate\\Foundation\\Http\\Middleware\\TransformsRequest.php(21): Illuminate\\Pipeline\\Pipeline->Illuminate\\Pipeline\\{closure}()
#20 D:\\VisualStudio\\boolean\\6_es-laravel\\laravel-api\\vendor\\laravel\\framework\\src\\Illuminate\\Pipeline\\Pipeline.php(167): Illuminate\\Foundation\\Http\\Middleware\\TransformsRequest->handle()
#21 D:\\VisualStudio\\boolean\\6_es-laravel\\laravel-api\\vendor\\laravel\\framework\\src\\Illuminate\\Foundation\\Http\\Middleware\\TransformsRequest.php(21): Illuminate\\Pipeline\\Pipeline->Illuminate\\Pipeline\\{closure}()
#22 D:\\VisualStudio\\boolean\\6_es-laravel\\laravel-api\\vendor\\laravel\\framework\\src\\Illuminate\\Pipeline\\Pipeline.php(167): Illuminate\\Foundation\\Http\\Middleware\\TransformsRequest->handle()
#23 D:\\VisualStudio\\boolean\\6_es-laravel\\laravel-api\\vendor\\laravel\\framework\\src\\Illuminate\\Foundation\\Http\\Middleware\\ValidatePostSize.php(27): Illuminate\\Pipeline\\Pipeline->Illuminate\\Pipeline\\{closure}()
#24 D:\\VisualStudio\\boolean\\6_es-laravel\\laravel-api\\vendor\\laravel\\framework\\src\\Illuminate\\Pipeline\\Pipeline.php(167): Illuminate\\Foundation\\Http\\Middleware\\ValidatePostSize->handle()
#25 D:\\VisualStudio\\boolean\\6_es-laravel\\laravel-api\\vendor\\laravel\\framework\\src\\Illuminate\\Foundation\\Http\\Middleware\\CheckForMaintenanceMode.php(63): Illuminate\\Pipeline\\Pipeline->Illuminate\\Pipeline\\{closure}()
#26 D:\\VisualStudio\\boolean\\6_es-laravel\\laravel-api\\vendor\\laravel\\framework\\src\\Illuminate\\Pipeline\\Pipeline.php(167): Illuminate\\Foundation\\Http\\Middleware\\CheckForMaintenanceMode->handle()
#27 D:\\VisualStudio\\boolean\\6_es-laravel\\laravel-api\\vendor\\fruitcake\\laravel-cors\\src\\HandleCors.php(37): Illuminate\\Pipeline\\Pipeline->Illuminate\\Pipeline\\{closure}()
#28 D:\\VisualStudio\\boolean\\6_es-laravel\\laravel-api\\vendor\\laravel\\framework\\src\\Illuminate\\Pipeline\\Pipeline.php(167): Fruitcake\\Cors\\HandleCors->handle()
#29 D:\\VisualStudio\\boolean\\6_es-laravel\\laravel-api\\vendor\\fideloper\\proxy\\src\\TrustProxies.php(57): Illuminate\\Pipeline\\Pipeline->Illuminate\\Pipeline\\{closure}()
#30 D:\\VisualStudio\\boolean\\6_es-laravel\\laravel-api\\vendor\\laravel\\framework\\src\\Illuminate\\Pipeline\\Pipeline.php(167): Fideloper\\Proxy\\TrustProxies->handle()
#31 D:\\VisualStudio\\boolean\\6_es-laravel\\laravel-api\\vendor\\laravel\\framework\\src\\Illuminate\\Pipeline\\Pipeline.php(103): Illuminate\\Pipeline\\Pipeline->Illuminate\\Pipeline\\{closure}()
#32 D:\\VisualStudio\\boolean\\6_es-laravel\\laravel-api\\vendor\\laravel\\framework\\src\\Illuminate\\Foundation\\Http\\Kernel.php(140): Illuminate\\Pipeline\\Pipeline->then()
#33 D:\\VisualStudio\\boolean\\6_es-laravel\\laravel-api\\vendor\\laravel\\framework\\src\\Illuminate\\Foundation\\Http\\Kernel.php(109): Illuminate\\Foundation\\Http\\Kernel->sendRequestThroughRouter()
#34 D:\\VisualStudio\\boolean\\6_es-laravel\\laravel-api\\public\\index.php(55): Illuminate\\Foundation\\Http\\Kernel->handle()
#35 D:\\VisualStudio\\boolean\\6_es-laravel\\laravel-api\\server.php(21): require_once('D:\\\\VisualStudio...')
#36 {main}
"} 
[2022-05-29 13:42:08] local.ERROR: View [guest.welcome] not found. {"exception":"[object] (InvalidArgumentException(code: 0): View [guest.welcome] not found. at D:\\VisualStudio\\boolean\\6_es-laravel\\laravel-api\\vendor\\laravel\\framework\\src\\Illuminate\\View\\FileViewFinder.php:137)
[stacktrace]
#0 D:\\VisualStudio\\boolean\\6_es-laravel\\laravel-api\\vendor\\laravel\\framework\\src\\Illuminate\\View\\FileViewFinder.php(79): Illuminate\\View\\FileViewFinder->findInPaths()
#1 D:\\VisualStudio\\boolean\\6_es-laravel\\laravel-api\\vendor\\laravel\\framework\\src\\Illuminate\\View\\Factory.php(138): Illuminate\\View\\FileViewFinder->find()
#2 D:\\VisualStudio\\boolean\\6_es-laravel\\laravel-api\\vendor\\laravel\\framework\\src\\Illuminate\\Foundation\\helpers.php(961): Illuminate\\View\\Factory->make()
#3 D:\\VisualStudio\\boolean\\6_es-laravel\\laravel-api\outes\\web.php(29): view()
#4 D:\\VisualStudio\\boolean\\6_es-laravel\\laravel-api\\vendor\\laravel\\framework\\src\\Illuminate\\Routing\\Route.php(225): Illuminate\\Routing\\RouteFileRegistrar->{closure}()
#5 D:\\VisualStudio\\boolean\\6_es-laravel\\laravel-api\\vendor\\laravel\\framework\\src\\Illuminate\\Routing\\Route.php(199): Illuminate\\Routing\\Route->runCallable()
#6 D:\\VisualStudio\\boolean\\6_es-laravel\\laravel-api\\vendor\\laravel\\framework\\src\\Illuminate\\Routing\\Router.php(685): Illuminate\\Routing\\Route->run()
#7 D:\\VisualStudio\\boolean\\6_es-laravel\\laravel-api\\vendor\\laravel\\framework\\src\\Illuminate\\Pipeline\\Pipeline.php(128): Illuminate\\Routing\\Router->Illuminate\\Routing\\{closure}()
#8 D:\\VisualStudio\\boolean\\6_es-laravel\\laravel-api\\vendor\\laravel\\framework\\src\\Illuminate\\Routing\\Middleware\\SubstituteBindings.php(41): Illuminate\\Pipeline\\Pipeline->Illuminate\\Pipeline\\{closure}()
#9 D:\\VisualStudio\\boolean\\6_es-laravel\\laravel-api\\vendor\\laravel\\framework\\src\\Illuminate\\Pipeline\\Pipeline.php(167): Illuminate\\Routing\\Middleware\\SubstituteBindings->handle()
#10 D:\\VisualStudio\\boolean\\6_es-laravel\\laravel-api\\vendor\\laravel\\framework\\src\\Illuminate\\Foundation\\Http\\Middleware\\VerifyCsrfToken.php(77): Illuminate\\Pipeline\\Pipeline->Illuminate\\Pipeline\\{closure}()
#11 D:\\VisualStudio\\boolean\\6_es-laravel\\laravel-api\\vendor\\laravel\\framework\\src\\Illuminate\\Pipeline\\Pipeline.php(167): Illuminate\\Foundation\\Http\\Middleware\\VerifyCsrfToken->handle()
#12 D:\\VisualStudio\\boolean\\6_es-laravel\\laravel-api\\vendor\\laravel\\framework\\src\\Illuminate\\View\\Middleware\\ShareErrorsFromSession.php(49): Illuminate\\Pipeline\\Pipeline->Illuminate\\Pipeline\\{closure}()
#13 D:\\VisualStudio\\boolean\\6_es-laravel\\laravel-api\\vendor\\laravel\\framework\\src\\Illuminate\\Pipeline\\Pipeline.php(167): Illuminate\\View\\Middleware\\ShareErrorsFromSession->handle()
#14 D:\\VisualStudio\\boolean\\6_es-laravel\\laravel-api\\vendor\\laravel\\framework\\src\\Illuminate\\Session\\Middleware\\StartSession.php(116): Illuminate\\Pipeline\\Pipeline->Illuminate\\Pipeline\\{closure}()
#15 D:\\VisualStudio\\boolean\\6_es-laravel\\laravel-api\\vendor\\laravel\\framework\\src\\Illuminate\\Session\\Middleware\\StartSession.php(62): Illuminate\\Session\\Middleware\\StartSession->handleStatefulRequest()
#16 D:\\VisualStudio\\boolean\\6_es-laravel\\laravel-api\\vendor\\laravel\\framework\\src\\Illuminate\\Pipeline\\Pipeline.php(167): Illuminate\\Session\\Middleware\\StartSession->handle()
#17 D:\\VisualStudio\\boolean\\6_es-laravel\\laravel-api\\vendor\\laravel\\framework\\src\\Illuminate\\Cookie\\Middleware\\AddQueuedCookiesToResponse.php(37): Illuminate\\Pipeline\\Pipeline->Illuminate\\Pipeline\\{closure}()
#18 D:\\VisualStudio\\boolean\\6_es-laravel\\laravel-api\\vendor\\laravel\\framework\\src\\Illuminate\\Pipeline\\Pipeline.php(167): Illuminate\\Cookie\\Middleware\\AddQueuedCookiesToResponse->handle()
#19 D:\\VisualStudio\\boolean\\6_es-laravel\\laravel-api\\vendor\\laravel\\framework\\src\\Illuminate\\Cookie\\Middleware\\EncryptCookies.php(67): Illuminate\\Pipeline\\Pipeline->Illuminate\\Pipeline\\{closure}()
#20 D:\\VisualStudio\\boolean\\6_es-laravel\\laravel-api\\vendor\\laravel\\framework\\src\\Illuminate\\Pipeline\\Pipeline.php(167): Illuminate\\Cookie\\Middleware\\EncryptCookies->handle()
#21 D:\\VisualStudio\\boolean\\6_es-laravel\\laravel-api\\vendor\\laravel\\framework\\src\\Illuminate\\Pipeline\\Pipeline.php(103): Illuminate\\Pipeline\\Pipeline->Illuminate\\Pipeline\\{closure}()
#22 D:\\VisualStudio\\boolean\\6_es-laravel\\laravel-api\\vendor\\laravel\\framework\\src\\Illuminate\\Routing\\Router.php(687): Illuminate\\Pipeline\\Pipeline->then()
#23 D:\\VisualStudio\\boolean\\6_es-laravel\\laravel-api\\vendor\\laravel\\framework\\src\\Illuminate\\Routing\\Router.php(662): Illuminate\\Routing\\Router->runRouteWithinStack()
#24 D:\\VisualStudio\\boolean\\6_es-laravel\\laravel-api\\vendor\\laravel\\framework\\src\\Illuminate\\Routing\\Router.php(628): Illuminate\\Routing\\Router->runRoute()
#25 D:\\VisualStudio\\boolean\\6_es-laravel\\laravel-api\\vendor\\laravel\\framework\\src\\Illuminate\\Routing\\Router.php(617): Illuminate\\Routing\\Router->dispatchToRoute()
#26 D:\\VisualStudio\\boolean\\6_es-laravel\\laravel-api\\vendor\\laravel\\framework\\src\\Illuminate\\Foundation\\Http\\Kernel.php(165): Illuminate\\Routing\\Router->dispatch()
#27 D:\\VisualStudio\\boolean\\6_es-laravel\\laravel-api\\vendor\\laravel\\framework\\src\\Illuminate\\Pipeline\\Pipeline.php(128): Illuminate\\Foundation\\Http\\Kernel->Illuminate\\Foundation\\Http\\{closure}()
#28 D:\\VisualStudio\\boolean\\6_es-laravel\\laravel-api\\vendor\\laravel\\framework\\src\\Illuminate\\Foundation\\Http\\Middleware\\TransformsRequest.php(21): Illuminate\\Pipeline\\Pipeline->Illuminate\\Pipeline\\{closure}()
#29 D:\\VisualStudio\\boolean\\6_es-laravel\\laravel-api\\vendor\\laravel\\framework\\src\\Illuminate\\Pipeline\\Pipeline.php(167): Illuminate\\Foundation\\Http\\Middleware\\TransformsRequest->handle()
#30 D:\\VisualStudio\\boolean\\6_es-laravel\\laravel-api\\vendor\\laravel\\framework\\src\\Illuminate\\Foundation\\Http\\Middleware\\TransformsRequest.php(21): Illuminate\\Pipeline\\Pipeline->Illuminate\\Pipeline\\{closure}()
#31 D:\\VisualStudio\\boolean\\6_es-laravel\\laravel-api\\vendor\\laravel\\framework\\src\\Illuminate\\Pipeline\\Pipeline.php(167): Illuminate\\Foundation\\Http\\Middleware\\TransformsRequest->handle()
#32 D:\\VisualStudio\\boolean\\6_es-laravel\\laravel-api\\vendor\\laravel\\framework\\src\\Illuminate\\Foundation\\Http\\Middleware\\ValidatePostSize.php(27): Illuminate\\Pipeline\\Pipeline->Illuminate\\Pipeline\\{closure}()
#33 D:\\VisualStudio\\boolean\\6_es-laravel\\laravel-api\\vendor\\laravel\\framework\\src\\Illuminate\\Pipeline\\Pipeline.php(167): Illuminate\\Foundation\\Http\\Middleware\\ValidatePostSize->handle()
#34 D:\\VisualStudio\\boolean\\6_es-laravel\\laravel-api\\vendor\\laravel\\framework\\src\\Illuminate\\Foundation\\Http\\Middleware\\CheckForMaintenanceMode.php(63): Illuminate\\Pipeline\\Pipeline->Illuminate\\Pipeline\\{closure}()
#35 D:\\VisualStudio\\boolean\\6_es-laravel\\laravel-api\\vendor\\laravel\\framework\\src\\Illuminate\\Pipeline\\Pipeline.php(167): Illuminate\\Foundation\\Http\\Middleware\\CheckForMaintenanceMode->handle()
#36 D:\\VisualStudio\\boolean\\6_es-laravel\\laravel-api\\vendor\\fruitcake\\laravel-cors\\src\\HandleCors.php(37): Illuminate\\Pipeline\\Pipeline->Illuminate\\Pipeline\\{closure}()
#37 D:\\VisualStudio\\boolean\\6_es-laravel\\laravel-api\\vendor\\laravel\\framework\\src\\Illuminate\\Pipeline\\Pipeline.php(167): Fruitcake\\Cors\\HandleCors->handle()
#38 D:\\VisualStudio\\boolean\\6_es-laravel\\laravel-api\\vendor\\fideloper\\proxy\\src\\TrustProxies.php(57): Illuminate\\Pipeline\\Pipeline->Illuminate\\Pipeline\\{closure}()
#39 D:\\VisualStudio\\boolean\\6_es-laravel\\laravel-api\\vendor\\laravel\\framework\\src\\Illuminate\\Pipeline\\Pipeline.php(167): Fideloper\\Proxy\\TrustProxies->handle()
#40 D:\\VisualStudio\\boolean\\6_es-laravel\\laravel-api\\vendor\\laravel\\framework\\src\\Illuminate\\Pipeline\\Pipeline.php(103): Illuminate\\Pipeline\\Pipeline->Illuminate\\Pipeline\\{closure}()
#41 D:\\VisualStudio\\boolean\\6_es-laravel\\laravel-api\\vendor\\laravel\\framework\\src\\Illuminate\\Foundation\\Http\\Kernel.php(140): Illuminate\\Pipeline\\Pipeline->then()
#42 D:\\VisualStudio\\boolean\\6_es-laravel\\laravel-api\\vendor\\laravel\\framework\\src\\Illuminate\\Foundation\\Http\\Kernel.php(109): Illuminate\\Foundation\\Http\\Kernel->sendRequestThroughRouter()
#43 D:\\VisualStudio\\boolean\\6_es-laravel\\laravel-api\\public\\index.php(55): Illuminate\\Foundation\\Http\\Kernel->handle()
#44 D:\\VisualStudio\\boolean\\6_es-laravel\\laravel-api\\server.php(21): require_once('D:\\\\VisualStudio...')
#45 {main}
"} 
[2022-05-29 13:42:08] local.ERROR: file_put_contents(D:\VisualStudio\boolean\6_es-laravel\laravel-many-to-many-2\storage\framework/sessions/PLNB3b9hKzhLUPDVojhK26jHoFDqi9IXp9RxCuCi): failed to open stream: No such file or directory {"exception":"[object] (ErrorException(code: 0): file_put_contents(D:\\VisualStudio\\boolean\\6_es-laravel\\laravel-many-to-many-2\\storage\\framework/sessions/PLNB3b9hKzhLUPDVojhK26jHoFDqi9IXp9RxCuCi): failed to open stream: No such file or directory at D:\\VisualStudio\\boolean\\6_es-laravel\\laravel-api\\vendor\\laravel\\framework\\src\\Illuminate\\Filesystem\\Filesystem.php:135)
[stacktrace]
#0 [internal function]: Illuminate\\Foundation\\Bootstrap\\HandleExceptions->handleError()
#1 D:\\VisualStudio\\boolean\\6_es-laravel\\laravel-api\\vendor\\laravel\\framework\\src\\Illuminate\\Filesystem\\Filesystem.php(135): file_put_contents()
#2 D:\\VisualStudio\\boolean\\6_es-laravel\\laravel-api\\vendor\\laravel\\framework\\src\\Illuminate\\Session\\FileSessionHandler.php(83): Illuminate\\Filesystem\\Filesystem->put()
#3 D:\\VisualStudio\\boolean\\6_es-laravel\\laravel-api\\vendor\\laravel\\framework\\src\\Illuminate\\Session\\Store.php(129): Illuminate\\Session\\FileSessionHandler->write()
#4 D:\\VisualStudio\\boolean\\6_es-laravel\\laravel-api\\vendor\\laravel\\framework\\src\\Illuminate\\Session\\Middleware\\StartSession.php(231): Illuminate\\Session\\Store->save()
#5 D:\\VisualStudio\\boolean\\6_es-laravel\\laravel-api\\vendor\\laravel\\framework\\src\\Illuminate\\Session\\Middleware\\StartSession.php(125): Illuminate\\Session\\Middleware\\StartSession->saveSession()
#6 D:\\VisualStudio\\boolean\\6_es-laravel\\laravel-api\\vendor\\laravel\\framework\\src\\Illuminate\\Session\\Middleware\\StartSession.php(62): Illuminate\\Session\\Middleware\\StartSession->handleStatefulRequest()
#7 D:\\VisualStudio\\boolean\\6_es-laravel\\laravel-api\\vendor\\laravel\\framework\\src\\Illuminate\\Pipeline\\Pipeline.php(167): Illuminate\\Session\\Middleware\\StartSession->handle()
#8 D:\\VisualStudio\\boolean\\6_es-laravel\\laravel-api\\vendor\\laravel\\framework\\src\\Illuminate\\Cookie\\Middleware\\AddQueuedCookiesToResponse.php(37): Illuminate\\Pipeline\\Pipeline->Illuminate\\Pipeline\\{closure}()
#9 D:\\VisualStudio\\boolean\\6_es-laravel\\laravel-api\\vendor\\laravel\\framework\\src\\Illuminate\\Pipeline\\Pipeline.php(167): Illuminate\\Cookie\\Middleware\\AddQueuedCookiesToResponse->handle()
#10 D:\\VisualStudio\\boolean\\6_es-laravel\\laravel-api\\vendor\\laravel\\framework\\src\\Illuminate\\Cookie\\Middleware\\EncryptCookies.php(67): Illuminate\\Pipeline\\Pipeline->Illuminate\\Pipeline\\{closure}()
#11 D:\\VisualStudio\\boolean\\6_es-laravel\\laravel-api\\vendor\\laravel\\framework\\src\\Illuminate\\Pipeline\\Pipeline.php(167): Illuminate\\Cookie\\Middleware\\EncryptCookies->handle()
#12 D:\\VisualStudio\\boolean\\6_es-laravel\\laravel-api\\vendor\\laravel\\framework\\src\\Illuminate\\Pipeline\\Pipeline.php(103): Illuminate\\Pipeline\\Pipeline->Illuminate\\Pipeline\\{closure}()
#13 D:\\VisualStudio\\boolean\\6_es-laravel\\laravel-api\\vendor\\laravel\\framework\\src\\Illuminate\\Routing\\Router.php(687): Illuminate\\Pipeline\\Pipeline->then()
#14 D:\\VisualStudio\\boolean\\6_es-laravel\\laravel-api\\vendor\\laravel\\framework\\src\\Illuminate\\Routing\\Router.php(662): Illuminate\\Routing\\Router->runRouteWithinStack()
#15 D:\\VisualStudio\\boolean\\6_es-laravel\\laravel-api\\vendor\\laravel\\framework\\src\\Illuminate\\Routing\\Router.php(628): Illuminate\\Routing\\Router->runRoute()
#16 D:\\VisualStudio\\boolean\\6_es-laravel\\laravel-api\\vendor\\laravel\\framework\\src\\Illuminate\\Routing\\Router.php(617): Illuminate\\Routing\\Router->dispatchToRoute()
#17 D:\\VisualStudio\\boolean\\6_es-laravel\\laravel-api\\vendor\\laravel\\framework\\src\\Illuminate\\Foundation\\Http\\Kernel.php(165): Illuminate\\Routing\\Router->dispatch()
#18 D:\\VisualStudio\\boolean\\6_es-laravel\\laravel-api\\vendor\\laravel\\framework\\src\\Illuminate\\Pipeline\\Pipeline.php(128): Illuminate\\Foundation\\Http\\Kernel->Illuminate\\Foundation\\Http\\{closure}()
#19 D:\\VisualStudio\\boolean\\6_es-laravel\\laravel-api\\vendor\\laravel\\framework\\src\\Illuminate\\Foundation\\Http\\Middleware\\TransformsRequest.php(21): Illuminate\\Pipeline\\Pipeline->Illuminate\\Pipeline\\{closure}()
#20 D:\\VisualStudio\\boolean\\6_es-laravel\\laravel-api\\vendor\\laravel\\framework\\src\\Illuminate\\Pipeline\\Pipeline.php(167): Illuminate\\Foundation\\Http\\Middleware\\TransformsRequest->handle()
#21 D:\\VisualStudio\\boolean\\6_es-laravel\\laravel-api\\vendor\\laravel\\framework\\src\\Illuminate\\Foundation\\Http\\Middleware\\TransformsRequest.php(21): Illuminate\\Pipeline\\Pipeline->Illuminate\\Pipeline\\{closure}()
#22 D:\\VisualStudio\\boolean\\6_es-laravel\\laravel-api\\vendor\\laravel\\framework\\src\\Illuminate\\Pipeline\\Pipeline.php(167): Illuminate\\Foundation\\Http\\Middleware\\TransformsRequest->handle()
#23 D:\\VisualStudio\\boolean\\6_es-laravel\\laravel-api\\vendor\\laravel\\framework\\src\\Illuminate\\Foundation\\Http\\Middleware\\ValidatePostSize.php(27): Illuminate\\Pipeline\\Pipeline->Illuminate\\Pipeline\\{closure}()
#24 D:\\VisualStudio\\boolean\\6_es-laravel\\laravel-api\\vendor\\laravel\\framework\\src\\Illuminate\\Pipeline\\Pipeline.php(167): Illuminate\\Foundation\\Http\\Middleware\\ValidatePostSize->handle()
#25 D:\\VisualStudio\\boolean\\6_es-laravel\\laravel-api\\vendor\\laravel\\framework\\src\\Illuminate\\Foundation\\Http\\Middleware\\CheckForMaintenanceMode.php(63): Illuminate\\Pipeline\\Pipeline->Illuminate\\Pipeline\\{closure}()
#26 D:\\VisualStudio\\boolean\\6_es-laravel\\laravel-api\\vendor\\laravel\\framework\\src\\Illuminate\\Pipeline\\Pipeline.php(167): Illuminate\\Foundation\\Http\\Middleware\\CheckForMaintenanceMode->handle()
#27 D:\\VisualStudio\\boolean\\6_es-laravel\\laravel-api\\vendor\\fruitcake\\laravel-cors\\src\\HandleCors.php(37): Illuminate\\Pipeline\\Pipeline->Illuminate\\Pipeline\\{closure}()
#28 D:\\VisualStudio\\boolean\\6_es-laravel\\laravel-api\\vendor\\laravel\\framework\\src\\Illuminate\\Pipeline\\Pipeline.php(167): Fruitcake\\Cors\\HandleCors->handle()
#29 D:\\VisualStudio\\boolean\\6_es-laravel\\laravel-api\\vendor\\fideloper\\proxy\\src\\TrustProxies.php(57): Illuminate\\Pipeline\\Pipeline->Illuminate\\Pipeline\\{closure}()
#30 D:\\VisualStudio\\boolean\\6_es-laravel\\laravel-api\\vendor\\laravel\\framework\\src\\Illuminate\\Pipeline\\Pipeline.php(167): Fideloper\\Proxy\\TrustProxies->handle()
#31 D:\\VisualStudio\\boolean\\6_es-laravel\\laravel-api\\vendor\\laravel\\framework\\src\\Illuminate\\Pipeline\\Pipeline.php(103): Illuminate\\Pipeline\\Pipeline->Illuminate\\Pipeline\\{closure}()
#32 D:\\VisualStudio\\boolean\\6_es-laravel\\laravel-api\\vendor\\laravel\\framework\\src\\Illuminate\\Foundation\\Http\\Kernel.php(140): Illuminate\\Pipeline\\Pipeline->then()
#33 D:\\VisualStudio\\boolean\\6_es-laravel\\laravel-api\\vendor\\laravel\\framework\\src\\Illuminate\\Foundation\\Http\\Kernel.php(109): Illuminate\\Foundation\\Http\\Kernel->sendRequestThroughRouter()
#34 D:\\VisualStudio\\boolean\\6_es-laravel\\laravel-api\\public\\index.php(55): Illuminate\\Foundation\\Http\\Kernel->handle()
#35 D:\\VisualStudio\\boolean\\6_es-laravel\\laravel-api\\server.php(21): require_once('D:\\\\VisualStudio...')
#36 {main}
"} 
